<?xml version="1.0" encoding="UTF-8"?>
<testng-results ignored="0" total="1" passed="1" failed="0" skipped="0">
  <reporter-output>
  </reporter-output>
  <suite started-at="2023-02-22T08:44:02 CST" name="Carina Demo Tests - Hello World" finished-at="2023-02-22T08:44:02 CST" duration-ms="86">
    <groups>
    </groups>
    <test started-at="2023-02-22T08:44:02 CST" name="Hello World test" finished-at="2023-02-22T08:44:02 CST" duration-ms="86">
      <class name="laba.carina.demo.HelloWorld">
        <test-method signature="helloWorld()[pri:0, instance:laba.carina.demo.HelloWorld@6537dc79]" started-at="2023-02-22T08:44:02 CST" name="helloWorld" finished-at="2023-02-22T08:44:02 CST" duration-ms="19" status="PASS">
          <reporter-output>
          </reporter-output>
        </test-method> <!-- helloWorld -->
      </class> <!-- laba.carina.demo.HelloWorld -->
    </test> <!-- Hello World test -->
  </suite> <!-- Carina Demo Tests - Hello World -->
</testng-results>
