<?xml version="1.0" encoding="UTF-8"?>
<testsuite xmlns:xsi="http://www.w3.org/2001/XMLSchema-instance" xsi:noNamespaceSchemaLocation="https://maven.apache.org/surefire/maven-surefire-plugin/xsd/surefire-test-report-3.0.xsd" version="3.0" name="TestSuite" time="1.934" tests="1" errors="0" skipped="0" failures="0">
  <properties>
[...]
</properties>
  <testcase name="helloWorld" classname="laba.carina.demo.HelloWorld" time="0.055">
    <system-out><![CDATA[WARN! Value not resolved by key: azure_container_name
WARN! Value not resolved by key: appcenter_token
2023-02-22 08:44:01 CarinaListener [main] [INFO] 
============= Test configuration =============
url=https://www.gsmarena.com
env=DEMO
auto_screenshot=true
project_report_directory=./reports
max_screen_history=10
localization_encoding=UTF-8
language=en_US
selenium_url=

------------- Driver capabilities -----------
capabilities.providerOptions=options
================================================

2023-02-22 08:44:01 TestRunRegistrar [main-1] [WARN] Reporting disabled: using no op test run registrar
2023-02-22 08:44:02 Reflections [main-1] [INFO] Reflections took 1290 ms to scan 23 urls, producing 3473 keys and 17815 values 
2023-02-22 08:44:02 CarinaListener [main-1] [INFO] Set thread-count=1
2023-02-22 08:44:02 CarinaListener [main-1] [INFO] Set data-provider-thread-count=1
2023-02-22 08:44:02 CarinaListener [main-1] [INFO] CARINA_CORE_VERSION: 8.0.4
2023-02-22 08:44:02 TestRunRegistrar [TestNG-test=Hello World test-1] [WARN] Reporting disabled: using no op test run registrar
2023-02-22 08:44:02 Messager [TestNG-test=Hello World test-1-51] [INFO] TEST [Hello World test - helloWorld] STARTED at [08:44:02 2023-02-22]
2023-02-22 08:44:02 HelloWorld [TestNG-test=Hello World test-1-51] [INFO] Hello World!
2023-02-22 08:44:02 Messager [TestNG-test=Hello World test-1-51] [INFO] TEST [Hello World test - helloWorld] PASSED at [08:44:02 2023-02-22]
]]></system-out>
  </testcase>
</testsuite>